app/build/outputs/logs/manifest-merger-debug-report.txt
-- Merging decision tree log ---
manifest
ADDED from src\main\AndroidManifest.xml:2:1-73:12
	package
		ADDED from src\main\AndroidManifest.xml:3:5-44
		INJECTED from src\main\AndroidManifest.xml
		INJECTED from src\main\AndroidManifest.xml
	android:versionName
		INJECTED from src\main\AndroidManifest.xml
		INJECTED from src\main\AndroidManifest.xml
	xmlns:android
		ADDED from src\main\AndroidManifest.xml:2:11-69
	android:versionCode
		INJECTED from src\main\AndroidManifest.xml
		INJECTED from src\main\AndroidManifest.xml
uses-permission#android.permission.INTERNET
ADDED from src\main\AndroidManifest.xml:5:5-67
	android:name
		ADDED from src\main\AndroidManifest.xml:5:22-64
uses-permission#android.permission.ACCESS_WIFI_STATE
ADDED from src\main\AndroidManifest.xml:6:5-76
	android:name
		ADDED from src\main\AndroidManifest.xml:6:22-73
uses-permission#android.permission.ACCESS_NETWORK_STATE
ADDED from src\main\AndroidManifest.xml:7:5-79
	android:name
		ADDED from src\main\AndroidManifest.xml:7:22-76
uses-permission#android.permission.READ_PHONE_STATE
ADDED from src\main\AndroidManifest.xml:8:5-75
	android:name
		ADDED from src\main\AndroidManifest.xml:8:22-72
uses-permission#android.permission.WRITE_EXTERNAL_STORAGE
ADDED from src\main\AndroidManifest.xml:9:5-81
	android:name
		ADDED from src\main\AndroidManifest.xml:9:22-78
uses-permission#android.permission.READ_LOGS
ADDED from src\main\AndroidManifest.xml:10:5-68
	android:name
		ADDED from src\main\AndroidManifest.xml:10:22-65
uses-permission#android.permission.CAMERA
ADDED from src\main\AndroidManifest.xml:15:5-65
	android:name
		ADDED from src\main\AndroidManifest.xml:15:22-62
uses-feature#android.hardware.camera
ADDED from src\main\AndroidManifest.xml:16:5-60
	android:name
		ADDED from src\main\AndroidManifest.xml:16:19-57
uses-permission#android.permission.RECORD_AUDIO
ADDED from src\main\AndroidManifest.xml:18:5-71
	android:name
		ADDED from src\main\AndroidManifest.xml:18:22-68
uses-permission#android.permission.CHANGE_NETWORK_STATE
ADDED from src\main\AndroidManifest.xml:23:5-79
	android:name
		ADDED from src\main\AndroidManifest.xml:23:22-76
application
ADDED from src\main\AndroidManifest.xml:31:5-71:19
MERGED from [com.android.support:appcompat-v7:23.2.1] AndroidManifest.xml:25:5-20
MERGED from [com.android.support:support-v4:23.2.1] AndroidManifest.xml:22:5-20
MERGED from [com.android.support:animated-vector-drawable:23.2.1] AndroidManifest.xml:7:5-20
MERGED from [com.android.support:support-vector-drawable:23.2.1] AndroidManifest.xml:7:5-20
MERGED from [com.android.support:support-v4:23.2.1] AndroidManifest.xml:22:5-20
MERGED from [com.android.support:support-vector-drawable:23.2.1] AndroidManifest.xml:7:5-20
MERGED from [com.android.support:support-v4:23.2.1] AndroidManifest.xml:22:5-20
MERGED from [com.wrapp.floatlabelededittext:library:0.0.6] AndroidManifest.xml:11:5-20
MERGED from [com.android.support:support-v4:23.2.1] AndroidManifest.xml:22:5-20
MERGED from [com.getbase:floatingactionbutton:1.10.1] AndroidManifest.xml:12:5-20
MERGED from [com.android.support:design:23.1.1] AndroidManifest.xml:22:5-20
MERGED from [com.android.support:appcompat-v7:23.2.1] AndroidManifest.xml:25:5-20
MERGED from [com.android.support:support-v4:23.2.1] AndroidManifest.xml:22:5-20
MERGED from [com.android.support:animated-vector-drawable:23.2.1] AndroidManifest.xml:7:5-20
MERGED from [com.android.support:support-vector-drawable:23.2.1] AndroidManifest.xml:7:5-20
MERGED from [com.android.support:support-v4:23.2.1] AndroidManifest.xml:22:5-20
MERGED from [com.android.support:support-vector-drawable:23.2.1] AndroidManifest.xml:7:5-20
MERGED from [com.android.support:support-v4:23.2.1] AndroidManifest.xml:22:5-20
MERGED from [com.android.support:support-v4:23.2.1] AndroidManifest.xml:22:5-20
MERGED from [com.android.support:support-v4:23.2.1] AndroidManifest.xml:22:5-20
MERGED from [org.xutils:xutils:3.3.18] AndroidManifest.xml:12:5-20
	android:label
		ADDED from src\main\AndroidManifest.xml:35:9-41
	android:supportsRtl
		ADDED from src\main\AndroidManifest.xml:36:9-35
	android:allowBackup
		ADDED from src\main\AndroidManifest.xml:33:9-35
	android:icon
		ADDED from src\main\AndroidManifest.xml:34:9-43
	android:theme
		ADDED from src\main\AndroidManifest.xml:37:9-40
	android:name
		ADDED from src\main\AndroidManifest.xml:32:9-38
meta-data#EMOKIT_AID
ADDED from src\main\AndroidManifest.xml:39:9-70
	android:value
		ADDED from src\main\AndroidManifest.xml:39:46-68
	android:name
		ADDED from src\main\AndroidManifest.xml:39:20-45
meta-data#EMOKIT_KEY
ADDED from src\main\AndroidManifest.xml:40:9-96
	android:value
		ADDED from src\main\AndroidManifest.xml:40:46-94
	android:name
		ADDED from src\main\AndroidManifest.xml:40:20-45
meta-data#EMOKIT_RecordTaskAnimation
ADDED from src\main\AndroidManifest.xml:41:9-81
	android:value
		ADDED from src\main\AndroidManifest.xml:41:62-79
	android:name
		ADDED from src\main\AndroidManifest.xml:41:20-61
activity#com.emokit.sdk.heartrate.FacedetectActivity
ADDED from src\main\AndroidManifest.xml:44:9-116
	android:screenOrientation
		ADDED from src\main\AndroidManifest.xml:44:78-114
	android:name
		ADDED from src\main\AndroidManifest.xml:44:19-77
activity#com.emokit.sdk.senseface.CameraActivity
ADDED from src\main\AndroidManifest.xml:45:9-112
	android:screenOrientation
		ADDED from src\main\AndroidManifest.xml:45:74-110
	android:name
		ADDED from src\main\AndroidManifest.xml:45:19-73
activity#com.example.shannon.bmobmusic.ui.SplashActivity
ADDED from src\main\AndroidManifest.xml:48:9-55:20
	android:screenOrientation
		ADDED from src\main\AndroidManifest.xml:49:13-49
	android:name
		ADDED from src\main\AndroidManifest.xml:50:13-46
intent-filter#android.intent.action.MAIN+android.intent.category.LAUNCHER
ADDED from src\main\AndroidManifest.xml:51:13-54:29
action#android.intent.action.MAIN
ADDED from src\main\AndroidManifest.xml:52:17-69
	android:name
		ADDED from src\main\AndroidManifest.xml:52:25-66
category#android.intent.category.LAUNCHER
ADDED from src\main\AndroidManifest.xml:53:17-77
	android:name
		ADDED from src\main\AndroidManifest.xml:53:27-74
activity#com.example.shannon.bmobmusic.ui.TransferActivity
ADDED from src\main\AndroidManifest.xml:57:9-114
	android:screenOrientation
		ADDED from src\main\AndroidManifest.xml:57:19-55
	android:label
		ADDED from src\main\AndroidManifest.xml:57:92-112
	android:name
		ADDED from src\main\AndroidManifest.xml:57:56-91
activity#com.example.shannon.bmobmusic.ui.RegistActivity
ADDED from src\main\AndroidManifest.xml:58:9-110
	android:screenOrientation
		ADDED from src\main\AndroidManifest.xml:58:19-55
	android:label
		ADDED from src\main\AndroidManifest.xml:58:90-108
	android:name
		ADDED from src\main\AndroidManifest.xml:58:56-89
activity#com.example.shannon.bmobmusic.ui.MainActivity
ADDED from src\main\AndroidManifest.xml:59:9-90
	android:screenOrientation
		ADDED from src\main\AndroidManifest.xml:59:19-55
	android:name
		ADDED from src\main\AndroidManifest.xml:59:56-87
activity#com.example.shannon.bmobmusic.ui.PlayActivity
ADDED from src\main\AndroidManifest.xml:60:9-90
	android:screenOrientation
		ADDED from src\main\AndroidManifest.xml:60:19-55
	android:name
		ADDED from src\main\AndroidManifest.xml:60:56-87
activity#com.example.shannon.bmobmusic.ui.LoginActivity
ADDED from src\main\AndroidManifest.xml:61:9-109
	android:screenOrientation
		ADDED from src\main\AndroidManifest.xml:61:19-55
	android:label
		ADDED from src\main\AndroidManifest.xml:61:89-107
	android:name
		ADDED from src\main\AndroidManifest.xml:61:56-88
activity#com.example.shannon.bmobmusic.ui.UserActivity
ADDED from src\main\AndroidManifest.xml:62:9-110
	android:screenOrientation
		ADDED from src\main\AndroidManifest.xml:62:19-55
	android:label
		ADDED from src\main\AndroidManifest.xml:62:88-108
	android:name
		ADDED from src\main\AndroidManifest.xml:62:56-87
activity#com.example.shannon.bmobmusic.ui.AboutActivity
ADDED from src\main\AndroidManifest.xml:63:9-109
	android:screenOrientation
		ADDED from src\main\AndroidManifest.xml:63:19-55
	android:label
		ADDED from src\main\AndroidManifest.xml:63:89-107
	android:name
		ADDED from src\main\AndroidManifest.xml:63:56-88
activity#com.example.shannon.bmobmusic.ui.FeedbackActivity
ADDED from src\main\AndroidManifest.xml:64:9-112
	android:screenOrientation
		ADDED from src\main\AndroidManifest.xml:64:19-55
	android:label
		ADDED from src\main\AndroidManifest.xml:64:92-110
	android:name
		ADDED from src\main\AndroidManifest.xml:64:56-91
service#com.example.shannon.bmobmusic.service.PlayService
ADDED from src\main\AndroidManifest.xml:67:9-70:39
	android:enabled
		ADDED from src\main\AndroidManifest.xml:69:13-35
	android:exported
		ADDED from src\main\AndroidManifest.xml:70:13-36
	android:name
		ADDED from src\main\AndroidManifest.xml:68:13-48
uses-sdk
INJECTED from src\main\AndroidManifest.xml reason: use-sdk injection requested
MERGED from [com.android.support:appcompat-v7:23.2.1] AndroidManifest.xml:21:5-23:78
MERGED from [com.android.support:support-v4:23.2.1] AndroidManifest.xml:20:5-43
MERGED from [com.android.support:animated-vector-drawable:23.2.1] AndroidManifest.xml:5:5-44
MERGED from [com.android.support:support-vector-drawable:23.2.1] AndroidManifest.xml:5:5-43
MERGED from [com.android.support:support-v4:23.2.1] AndroidManifest.xml:20:5-43
MERGED from [com.android.support:support-vector-drawable:23.2.1] AndroidManifest.xml:5:5-43
MERGED from [com.android.support:support-v4:23.2.1] AndroidManifest.xml:20:5-43
MERGED from [com.wrapp.floatlabelededittext:library:0.0.6] AndroidManifest.xml:7:5-9:41
MERGED from [com.android.support:support-v4:23.2.1] AndroidManifest.xml:20:5-43
MERGED from [com.getbase:floatingactionbutton:1.10.1] AndroidManifest.xml:8:5-10:41
MERGED from [com.android.support:design:23.1.1] AndroidManifest.xml:20:5-43
MERGED from [com.android.support:appcompat-v7:23.2.1] AndroidManifest.xml:21:5-23:78
MERGED from [com.android.support:support-v4:23.2.1] AndroidManifest.xml:20:5-43
MERGED from [com.android.support:animated-vector-drawable:23.2.1] AndroidManifest.xml:5:5-44
MERGED from [com.android.support:support-vector-drawable:23.2.1] AndroidManifest.xml:5:5-43
MERGED from [com.android.support:support-v4:23.2.1] AndroidManifest.xml:20:5-43
MERGED from [com.android.support:support-vector-drawable:23.2.1] AndroidManifest.xml:5:5-43
MERGED from [com.android.support:support-v4:23.2.1] AndroidManifest.xml:20:5-43
MERGED from [com.android.support:recyclerview-v7:23.1.1] AndroidManifest.xml:20:5-43
MERGED from [com.android.support:support-v4:23.2.1] AndroidManifest.xml:20:5-43
MERGED from [com.android.support:support-v4:23.2.1] AndroidManifest.xml:20:5-43
MERGED from [org.xutils:xutils:3.3.18] AndroidManifest.xml:8:5-10:41
	tools:overrideLibrary
		ADDED from [com.android.support:appcompat-v7:23.2.1] AndroidManifest.xml:23:9-75
	android:targetSdkVersion
		INJECTED from src\main\AndroidManifest.xml
		INJECTED from src\main\AndroidManifest.xml
	android:minSdkVersion
		INJECTED from src\main\AndroidManifest.xml
		INJECTED from src\main\AndroidManifest.xml